<?xml version="1.0" encoding="UTF-8"?>
<testsuite xmlns:xsi="http://www.w3.org/2001/XMLSchema-instance" xsi:noNamespaceSchemaLocation="https://maven.apache.org/surefire/maven-surefire-plugin/xsd/surefire-test-report-3.0.xsd" version="3.0" name="sn.ept.git.seminaire.cicd.repositories.TagRepositoryTest" time="13.33" tests="6" errors="0" skipped="0" failures="0">
  <properties>
    <property name="gopherProxySet" value="false"/>
    <property name="awt.toolkit" value="sun.lwawt.macosx.LWCToolkit"/>
    <property name="java.specification.version" value="11"/>
    <property name="sun.cpu.isalist" value=""/>
    <property name="sun.jnu.encoding" value="UTF-8"/>
    <property name="java.class.path" value="/Users/macbookpro/Documents/Dic1/Projects/agilite/todos/target/test-classes:/Users/macbookpro/Documents/Dic1/Projects/agilite/todos/target/classes:/Users/macbookpro/.m2/repository/org/jacoco/jacoco-maven-plugin/0.8.6/jacoco-maven-plugin-0.8.6.jar:/Users/macbookpro/.m2/repository/org/apache/maven/maven-plugin-api/3.0/maven-plugin-api-3.0.jar:/Users/macbookpro/.m2/repository/org/apache/maven/maven-model/3.0/maven-model-3.0.jar:/Users/macbookpro/.m2/repository/org/apache/maven/maven-artifact/3.0/maven-artifact-3.0.jar:/Users/macbookpro/.m2/repository/org/sonatype/sisu/sisu-inject-plexus/1.4.2/sisu-inject-plexus-1.4.2.jar:/Users/macbookpro/.m2/repository/org/sonatype/sisu/sisu-inject-bean/1.4.2/sisu-inject-bean-1.4.2.jar:/Users/macbookpro/.m2/repository/org/sonatype/sisu/sisu-guice/2.1.7/sisu-guice-2.1.7-noaop.jar:/Users/macbookpro/.m2/repository/org/apache/maven/maven-core/3.0/maven-core-3.0.jar:/Users/macbookpro/.m2/repository/org/apache/maven/maven-settings/3.0/maven-settings-3.0.jar:/Users/macbookpro/.m2/repository/org/apache/maven/maven-settings-builder/3.0/maven-settings-builder-3.0.jar:/Users/macbookpro/.m2/repository/org/apache/maven/maven-repository-metadata/3.0/maven-repository-metadata-3.0.jar:/Users/macbookpro/.m2/repository/org/apache/maven/maven-model-builder/3.0/maven-model-builder-3.0.jar:/Users/macbookpro/.m2/repository/org/apache/maven/maven-aether-provider/3.0/maven-aether-provider-3.0.jar:/Users/macbookpro/.m2/repository/org/sonatype/aether/aether-impl/1.7/aether-impl-1.7.jar:/Users/macbookpro/.m2/repository/org/sonatype/aether/aether-spi/1.7/aether-spi-1.7.jar:/Users/macbookpro/.m2/repository/org/sonatype/aether/aether-api/1.7/aether-api-1.7.jar:/Users/macbookpro/.m2/repository/org/sonatype/aether/aether-util/1.7/aether-util-1.7.jar:/Users/macbookpro/.m2/repository/org/codehaus/plexus/plexus-interpolation/1.14/plexus-interpolation-1.14.jar:/Users/macbookpro/.m2/repository/org/codehaus/plexus/plexus-classworlds/2.2.3/plexus-classworlds-2.2.3.jar:/Users/macbookpro/.m2/repository/org/codehaus/plexus/plexus-component-annotations/1.5.5/plexus-component-annotations-1.5.5.jar:/Users/macbookpro/.m2/repository/org/sonatype/plexus/plexus-sec-dispatcher/1.3/plexus-sec-dispatcher-1.3.jar:/Users/macbookpro/.m2/repository/org/sonatype/plexus/plexus-cipher/1.4/plexus-cipher-1.4.jar:/Users/macbookpro/.m2/repository/org/codehaus/plexus/plexus-utils/3.0.22/plexus-utils-3.0.22.jar:/Users/macbookpro/.m2/repository/org/apache/maven/shared/file-management/1.2.1/file-management-1.2.1.jar:/Users/macbookpro/.m2/repository/org/apache/maven/shared/maven-shared-io/1.1/maven-shared-io-1.1.jar:/Users/macbookpro/.m2/repository/org/apache/maven/maven-artifact-manager/2.0.2/maven-artifact-manager-2.0.2.jar:/Users/macbookpro/.m2/repository/org/apache/maven/wagon/wagon-provider-api/1.0-alpha-6/wagon-provider-api-1.0-alpha-6.jar:/Users/macbookpro/.m2/repository/org/codehaus/plexus/plexus-container-default/1.0-alpha-9/plexus-container-default-1.0-alpha-9.jar:/Users/macbookpro/.m2/repository/junit/junit/4.13.2/junit-4.13.2.jar:/Users/macbookpro/.m2/repository/org/hamcrest/hamcrest-core/2.2/hamcrest-core-2.2.jar:/Users/macbookpro/.m2/repository/classworlds/classworlds/1.1-alpha-2/classworlds-1.1-alpha-2.jar:/Users/macbookpro/.m2/repository/org/apache/maven/reporting/maven-reporting-api/3.0/maven-reporting-api-3.0.jar:/Users/macbookpro/.m2/repository/org/apache/maven/doxia/doxia-sink-api/1.0/doxia-sink-api-1.0.jar:/Users/macbookpro/.m2/repository/org/apache/maven/reporting/maven-reporting-impl/2.1/maven-reporting-impl-2.1.jar:/Users/macbookpro/.m2/repository/org/apache/maven/maven-project/2.0.10/maven-project-2.0.10.jar:/Users/macbookpro/.m2/repository/org/apache/maven/maven-profile/2.0.10/maven-profile-2.0.10.jar:/Users/macbookpro/.m2/repository/org/apache/maven/maven-plugin-registry/2.0.10/maven-plugin-registry-2.0.10.jar:/Users/macbookpro/.m2/repository/org/apache/maven/doxia/doxia-core/1.1.2/doxia-core-1.1.2.jar:/Users/macbookpro/.m2/repository/org/apache/maven/doxia/doxia-logging-api/1.1.2/doxia-logging-api-1.1.2.jar:/Users/macbookpro/.m2/repository/xerces/xercesImpl/2.8.1/xercesImpl-2.8.1.jar:/Users/macbookpro/.m2/repository/commons-httpclient/commons-httpclient/3.1/commons-httpclient-3.1.jar:/Users/macbookpro/.m2/repository/commons-codec/commons-codec/1.15/commons-codec-1.15.jar:/Users/macbookpro/.m2/repository/org/apache/maven/doxia/doxia-site-renderer/1.1.2/doxia-site-renderer-1.1.2.jar:/Users/macbookpro/.m2/repository/org/apache/maven/doxia/doxia-decoration-model/1.1.2/doxia-decoration-model-1.1.2.jar:/Users/macbookpro/.m2/repository/org/apache/maven/doxia/doxia-module-xhtml/1.1.2/doxia-module-xhtml-1.1.2.jar:/Users/macbookpro/.m2/repository/org/apache/maven/doxia/doxia-module-fml/1.1.2/doxia-module-fml-1.1.2.jar:/Users/macbookpro/.m2/repository/org/codehaus/plexus/plexus-i18n/1.0-beta-7/plexus-i18n-1.0-beta-7.jar:/Users/macbookpro/.m2/repository/org/codehaus/plexus/plexus-velocity/1.1.7/plexus-velocity-1.1.7.jar:/Users/macbookpro/.m2/repository/org/apache/velocity/velocity/1.5/velocity-1.5.jar:/Users/macbookpro/.m2/repository/commons-collections/commons-collections/3.2/commons-collections-3.2.jar:/Users/macbookpro/.m2/repository/commons-validator/commons-validator/1.2.0/commons-validator-1.2.0.jar:/Users/macbookpro/.m2/repository/commons-beanutils/commons-beanutils/1.7.0/commons-beanutils-1.7.0.jar:/Users/macbookpro/.m2/repository/commons-digester/commons-digester/1.6/commons-digester-1.6.jar:/Users/macbookpro/.m2/repository/commons-logging/commons-logging/1.0.4/commons-logging-1.0.4.jar:/Users/macbookpro/.m2/repository/oro/oro/2.0.8/oro-2.0.8.jar:/Users/macbookpro/.m2/repository/xml-apis/xml-apis/1.0.b2/xml-apis-1.0.b2.jar:/Users/macbookpro/.m2/repository/org/jacoco/org.jacoco.agent/0.8.6/org.jacoco.agent-0.8.6-runtime.jar:/Users/macbookpro/.m2/repository/org/jacoco/org.jacoco.core/0.8.6/org.jacoco.core-0.8.6.jar:/Users/macbookpro/.m2/repository/org/ow2/asm/asm/8.0.1/asm-8.0.1.jar:/Users/macbookpro/.m2/repository/org/ow2/asm/asm-commons/8.0.1/asm-commons-8.0.1.jar:/Users/macbookpro/.m2/repository/org/ow2/asm/asm-analysis/8.0.1/asm-analysis-8.0.1.jar:/Users/macbookpro/.m2/repository/org/ow2/asm/asm-tree/8.0.1/asm-tree-8.0.1.jar:/Users/macbookpro/.m2/repository/org/jacoco/org.jacoco.report/0.8.6/org.jacoco.report-0.8.6.jar:/Users/macbookpro/.m2/repository/com/tngtech/archunit/archunit-junit5-api/0.14.1/archunit-junit5-api-0.14.1.jar:/Users/macbookpro/.m2/repository/com/tngtech/archunit/archunit/0.14.1/archunit-0.14.1.jar:/Users/macbookpro/.m2/repository/org/slf4j/slf4j-api/1.7.31/slf4j-api-1.7.31.jar:/Users/macbookpro/.m2/repository/com/tngtech/archunit/archunit-junit5-engine/0.14.1/archunit-junit5-engine-0.14.1.jar:/Users/macbookpro/.m2/repository/com/tngtech/archunit/archunit-junit5-engine-api/0.14.1/archunit-junit5-engine-api-0.14.1.jar:/Users/macbookpro/.m2/repository/org/junit/platform/junit-platform-engine/1.7.2/junit-platform-engine-1.7.2.jar:/Users/macbookpro/.m2/repository/org/springframework/boot/spring-boot-starter-data-jpa/2.5.2/spring-boot-starter-data-jpa-2.5.2.jar:/Users/macbookpro/.m2/repository/org/springframework/boot/spring-boot-starter-aop/2.5.2/spring-boot-starter-aop-2.5.2.jar:/Users/macbookpro/.m2/repository/org/springframework/spring-aop/5.3.8/spring-aop-5.3.8.jar:/Users/macbookpro/.m2/repository/org/aspectj/aspectjweaver/1.9.6/aspectjweaver-1.9.6.jar:/Users/macbookpro/.m2/repository/org/springframework/boot/spring-boot-starter-jdbc/2.5.2/spring-boot-starter-jdbc-2.5.2.jar:/Users/macbookpro/.m2/repository/com/zaxxer/HikariCP/4.0.3/HikariCP-4.0.3.jar:/Users/macbookpro/.m2/repository/org/springframework/spring-jdbc/5.3.8/spring-jdbc-5.3.8.jar:/Users/macbookpro/.m2/repository/jakarta/transaction/jakarta.transaction-api/1.3.3/jakarta.transaction-api-1.3.3.jar:/Users/macbookpro/.m2/repository/jakarta/persistence/jakarta.persistence-api/2.2.3/jakarta.persistence-api-2.2.3.jar:/Users/macbookpro/.m2/repository/org/hibernate/hibernate-core/5.4.32.Final/hibernate-core-5.4.32.Final.jar:/Users/macbookpro/.m2/repository/org/jboss/logging/jboss-logging/3.4.2.Final/jboss-logging-3.4.2.Final.jar:/Users/macbookpro/.m2/repository/org/javassist/javassist/3.27.0-GA/javassist-3.27.0-GA.jar:/Users/macbookpro/.m2/repository/antlr/antlr/2.7.7/antlr-2.7.7.jar:/Users/macbookpro/.m2/repository/org/jboss/jandex/2.2.3.Final/jandex-2.2.3.Final.jar:/Users/macbookpro/.m2/repository/com/fasterxml/classmate/1.5.1/classmate-1.5.1.jar:/Users/macbookpro/.m2/repository/org/dom4j/dom4j/2.1.3/dom4j-2.1.3.jar:/Users/macbookpro/.m2/repository/org/hibernate/common/hibernate-commons-annotations/5.1.2.Final/hibernate-commons-annotations-5.1.2.Final.jar:/Users/macbookpro/.m2/repository/org/glassfish/jaxb/jaxb-runtime/2.3.4/jaxb-runtime-2.3.4.jar:/Users/macbookpro/.m2/repository/org/glassfish/jaxb/txw2/2.3.4/txw2-2.3.4.jar:/Users/macbookpro/.m2/repository/com/sun/istack/istack-commons-runtime/3.0.12/istack-commons-runtime-3.0.12.jar:/Users/macbookpro/.m2/repository/com/sun/activation/jakarta.activation/1.2.2/jakarta.activation-1.2.2.jar:/Users/macbookpro/.m2/repository/org/springframework/data/spring-data-jpa/2.5.2/spring-data-jpa-2.5.2.jar:/Users/macbookpro/.m2/repository/org/springframework/data/spring-data-commons/2.5.2/spring-data-commons-2.5.2.jar:/Users/macbookpro/.m2/repository/org/springframework/spring-orm/5.3.8/spring-orm-5.3.8.jar:/Users/macbookpro/.m2/repository/org/springframework/spring-context/5.3.8/spring-context-5.3.8.jar:/Users/macbookpro/.m2/repository/org/springframework/spring-tx/5.3.8/spring-tx-5.3.8.jar:/Users/macbookpro/.m2/repository/org/springframework/spring-beans/5.3.8/spring-beans-5.3.8.jar:/Users/macbookpro/.m2/repository/org/springframework/spring-aspects/5.3.8/spring-aspects-5.3.8.jar:/Users/macbookpro/.m2/repository/org/springframework/boot/spring-boot-starter-web/2.5.2/spring-boot-starter-web-2.5.2.jar:/Users/macbookpro/.m2/repository/org/springframework/boot/spring-boot-starter/2.5.2/spring-boot-starter-2.5.2.jar:/Users/macbookpro/.m2/repository/org/springframework/boot/spring-boot/2.5.2/spring-boot-2.5.2.jar:/Users/macbookpro/.m2/repository/org/springframework/boot/spring-boot-autoconfigure/2.5.2/spring-boot-autoconfigure-2.5.2.jar:/Users/macbookpro/.m2/repository/org/springframework/boot/spring-boot-starter-logging/2.5.2/spring-boot-starter-logging-2.5.2.jar:/Users/macbookpro/.m2/repository/ch/qos/logback/logback-classic/1.2.3/logback-classic-1.2.3.jar:/Users/macbookpro/.m2/repository/ch/qos/logback/logback-core/1.2.3/logback-core-1.2.3.jar:/Users/macbookpro/.m2/repository/org/slf4j/jul-to-slf4j/1.7.31/jul-to-slf4j-1.7.31.jar:/Users/macbookpro/.m2/repository/jakarta/annotation/jakarta.annotation-api/1.3.5/jakarta.annotation-api-1.3.5.jar:/Users/macbookpro/.m2/repository/org/yaml/snakeyaml/1.28/snakeyaml-1.28.jar:/Users/macbookpro/.m2/repository/org/springframework/boot/spring-boot-starter-json/2.5.2/spring-boot-starter-json-2.5.2.jar:/Users/macbookpro/.m2/repository/com/fasterxml/jackson/core/jackson-databind/2.12.3/jackson-databind-2.12.3.jar:/Users/macbookpro/.m2/repository/com/fasterxml/jackson/core/jackson-annotations/2.12.3/jackson-annotations-2.12.3.jar:/Users/macbookpro/.m2/repository/com/fasterxml/jackson/core/jackson-core/2.12.3/jackson-core-2.12.3.jar:/Users/macbookpro/.m2/repository/com/fasterxml/jackson/datatype/jackson-datatype-jdk8/2.12.3/jackson-datatype-jdk8-2.12.3.jar:/Users/macbookpro/.m2/repository/com/fasterxml/jackson/datatype/jackson-datatype-jsr310/2.12.3/jackson-datatype-jsr310-2.12.3.jar:/Users/macbookpro/.m2/repository/com/fasterxml/jackson/module/jackson-module-parameter-names/2.12.3/jackson-module-parameter-names-2.12.3.jar:/Users/macbookpro/.m2/repository/org/springframework/boot/spring-boot-starter-tomcat/2.5.2/spring-boot-starter-tomcat-2.5.2.jar:/Users/macbookpro/.m2/repository/org/apache/tomcat/embed/tomcat-embed-core/9.0.48/tomcat-embed-core-9.0.48.jar:/Users/macbookpro/.m2/repository/org/apache/tomcat/embed/tomcat-embed-websocket/9.0.48/tomcat-embed-websocket-9.0.48.jar:/Users/macbookpro/.m2/repository/org/springframework/spring-web/5.3.8/spring-web-5.3.8.jar:/Users/macbookpro/.m2/repository/org/springframework/spring-webmvc/5.3.8/spring-webmvc-5.3.8.jar:/Users/macbookpro/.m2/repository/org/springframework/spring-expression/5.3.8/spring-expression-5.3.8.jar:/Users/macbookpro/.m2/repository/com/microsoft/sqlserver/mssql-jdbc/9.2.1.jre8/mssql-jdbc-9.2.1.jre8.jar:/Users/macbookpro/.m2/repository/mysql/mysql-connector-java/8.0.25/mysql-connector-java-8.0.25.jar:/Users/macbookpro/.m2/repository/org/mapstruct/mapstruct-processor/1.3.1.Final/mapstruct-processor-1.3.1.Final.jar:/Users/macbookpro/.m2/repository/org/mapstruct/mapstruct/1.3.1.Final/mapstruct-1.3.1.Final.jar:/Users/macbookpro/.m2/repository/org/projectlombok/lombok/1.18.10/lombok-1.18.10.jar:/Users/macbookpro/.m2/repository/org/springframework/boot/spring-boot-starter-test/2.5.2/spring-boot-starter-test-2.5.2.jar:/Users/macbookpro/.m2/repository/org/springframework/boot/spring-boot-test/2.5.2/spring-boot-test-2.5.2.jar:/Users/macbookpro/.m2/repository/org/springframework/boot/spring-boot-test-autoconfigure/2.5.2/spring-boot-test-autoconfigure-2.5.2.jar:/Users/macbookpro/.m2/repository/com/jayway/jsonpath/json-path/2.5.0/json-path-2.5.0.jar:/Users/macbookpro/.m2/repository/net/minidev/json-smart/2.4.7/json-smart-2.4.7.jar:/Users/macbookpro/.m2/repository/net/minidev/accessors-smart/2.4.7/accessors-smart-2.4.7.jar:/Users/macbookpro/.m2/repository/jakarta/xml/bind/jakarta.xml.bind-api/2.3.3/jakarta.xml.bind-api-2.3.3.jar:/Users/macbookpro/.m2/repository/jakarta/activation/jakarta.activation-api/1.2.2/jakarta.activation-api-1.2.2.jar:/Users/macbookpro/.m2/repository/org/assertj/assertj-core/3.19.0/assertj-core-3.19.0.jar:/Users/macbookpro/.m2/repository/org/hamcrest/hamcrest/2.2/hamcrest-2.2.jar:/Users/macbookpro/.m2/repository/org/junit/jupiter/junit-jupiter/5.7.2/junit-jupiter-5.7.2.jar:/Users/macbookpro/.m2/repository/org/junit/jupiter/junit-jupiter-params/5.7.2/junit-jupiter-params-5.7.2.jar:/Users/macbookpro/.m2/repository/org/junit/jupiter/junit-jupiter-engine/5.7.2/junit-jupiter-engine-5.7.2.jar:/Users/macbookpro/.m2/repository/org/mockito/mockito-junit-jupiter/3.9.0/mockito-junit-jupiter-3.9.0.jar:/Users/macbookpro/.m2/repository/org/skyscreamer/jsonassert/1.5.0/jsonassert-1.5.0.jar:/Users/macbookpro/.m2/repository/com/vaadin/external/google/android-json/0.0.20131108.vaadin1/android-json-0.0.20131108.vaadin1.jar:/Users/macbookpro/.m2/repository/org/springframework/spring-core/5.3.8/spring-core-5.3.8.jar:/Users/macbookpro/.m2/repository/org/springframework/spring-jcl/5.3.8/spring-jcl-5.3.8.jar:/Users/macbookpro/.m2/repository/org/springframework/spring-test/5.3.8/spring-test-5.3.8.jar:/Users/macbookpro/.m2/repository/org/xmlunit/xmlunit-core/2.8.2/xmlunit-core-2.8.2.jar:/Users/macbookpro/.m2/repository/org/hamcrest/hamcrest-all/1.3/hamcrest-all-1.3.jar:/Users/macbookpro/.m2/repository/org/mockito/mockito-core/3.9.0/mockito-core-3.9.0.jar:/Users/macbookpro/.m2/repository/net/bytebuddy/byte-buddy/1.10.22/byte-buddy-1.10.22.jar:/Users/macbookpro/.m2/repository/net/bytebuddy/byte-buddy-agent/1.10.22/byte-buddy-agent-1.10.22.jar:/Users/macbookpro/.m2/repository/org/objenesis/objenesis/3.2/objenesis-3.2.jar:/Users/macbookpro/.m2/repository/org/junit/jupiter/junit-jupiter-api/5.8.1/junit-jupiter-api-5.8.1.jar:/Users/macbookpro/.m2/repository/org/opentest4j/opentest4j/1.2.0/opentest4j-1.2.0.jar:/Users/macbookpro/.m2/repository/org/junit/platform/junit-platform-commons/1.7.2/junit-platform-commons-1.7.2.jar:/Users/macbookpro/.m2/repository/org/apiguardian/apiguardian-api/1.1.2/apiguardian-api-1.1.2.jar:/Users/macbookpro/.m2/repository/com/h2database/h2/1.4.200/h2-1.4.200.jar:/Users/macbookpro/.m2/repository/org/springframework/boot/spring-boot-starter-validation/2.5.2/spring-boot-starter-validation-2.5.2.jar:/Users/macbookpro/.m2/repository/org/apache/tomcat/embed/tomcat-embed-el/9.0.48/tomcat-embed-el-9.0.48.jar:/Users/macbookpro/.m2/repository/org/hibernate/validator/hibernate-validator/6.2.0.Final/hibernate-validator-6.2.0.Final.jar:/Users/macbookpro/.m2/repository/jakarta/validation/jakarta.validation-api/2.0.2/jakarta.validation-api-2.0.2.jar:/Users/macbookpro/.m2/repository/commons-lang/commons-lang/2.5/commons-lang-2.5.jar:"/>
    <property name="java.vm.vendor" value="AdoptOpenJDK"/>
    <property name="sun.arch.data.model" value="64"/>
    <property name="java.vendor.url" value="https://adoptopenjdk.net/"/>
    <property name="user.timezone" value="Africa/Dakar"/>
    <property name="java.vm.specification.version" value="11"/>
    <property name="os.name" value="Mac OS X"/>
    <property name="sun.java.launcher" value="SUN_STANDARD"/>
    <property name="user.country" value="SN"/>
    <property name="sun.boot.library.path" value="/Library/Java/JavaVirtualMachines/adoptopenjdk-11.jdk/Contents/Home/lib"/>
    <property name="sun.java.command" value="/Users/macbookpro/Documents/Dic1/Projects/agilite/todos/target/surefire/surefirebooter1213896087555355177.jar /Users/macbookpro/Documents/Dic1/Projects/agilite/todos/target/surefire 2023-09-14T03-16-21_276-jvmRun5 surefire3003900218485289864tmp surefire_314799698586619837958tmp"/>
    <property name="http.nonProxyHosts" value="local|*.local|169.254/16|*.169.254/16"/>
    <property name="jdk.debug" value="release"/>
    <property name="surefire.test.class.path" value="/Users/macbookpro/Documents/Dic1/Projects/agilite/todos/target/test-classes:/Users/macbookpro/Documents/Dic1/Projects/agilite/todos/target/classes:/Users/macbookpro/.m2/repository/org/jacoco/jacoco-maven-plugin/0.8.6/jacoco-maven-plugin-0.8.6.jar:/Users/macbookpro/.m2/repository/org/apache/maven/maven-plugin-api/3.0/maven-plugin-api-3.0.jar:/Users/macbookpro/.m2/repository/org/apache/maven/maven-model/3.0/maven-model-3.0.jar:/Users/macbookpro/.m2/repository/org/apache/maven/maven-artifact/3.0/maven-artifact-3.0.jar:/Users/macbookpro/.m2/repository/org/sonatype/sisu/sisu-inject-plexus/1.4.2/sisu-inject-plexus-1.4.2.jar:/Users/macbookpro/.m2/repository/org/sonatype/sisu/sisu-inject-bean/1.4.2/sisu-inject-bean-1.4.2.jar:/Users/macbookpro/.m2/repository/org/sonatype/sisu/sisu-guice/2.1.7/sisu-guice-2.1.7-noaop.jar:/Users/macbookpro/.m2/repository/org/apache/maven/maven-core/3.0/maven-core-3.0.jar:/Users/macbookpro/.m2/repository/org/apache/maven/maven-settings/3.0/maven-settings-3.0.jar:/Users/macbookpro/.m2/repository/org/apache/maven/maven-settings-builder/3.0/maven-settings-builder-3.0.jar:/Users/macbookpro/.m2/repository/org/apache/maven/maven-repository-metadata/3.0/maven-repository-metadata-3.0.jar:/Users/macbookpro/.m2/repository/org/apache/maven/maven-model-builder/3.0/maven-model-builder-3.0.jar:/Users/macbookpro/.m2/repository/org/apache/maven/maven-aether-provider/3.0/maven-aether-provider-3.0.jar:/Users/macbookpro/.m2/repository/org/sonatype/aether/aether-impl/1.7/aether-impl-1.7.jar:/Users/macbookpro/.m2/repository/org/sonatype/aether/aether-spi/1.7/aether-spi-1.7.jar:/Users/macbookpro/.m2/repository/org/sonatype/aether/aether-api/1.7/aether-api-1.7.jar:/Users/macbookpro/.m2/repository/org/sonatype/aether/aether-util/1.7/aether-util-1.7.jar:/Users/macbookpro/.m2/repository/org/codehaus/plexus/plexus-interpolation/1.14/plexus-interpolation-1.14.jar:/Users/macbookpro/.m2/repository/org/codehaus/plexus/plexus-classworlds/2.2.3/plexus-classworlds-2.2.3.jar:/Users/macbookpro/.m2/repository/org/codehaus/plexus/plexus-component-annotations/1.5.5/plexus-component-annotations-1.5.5.jar:/Users/macbookpro/.m2/repository/org/sonatype/plexus/plexus-sec-dispatcher/1.3/plexus-sec-dispatcher-1.3.jar:/Users/macbookpro/.m2/repository/org/sonatype/plexus/plexus-cipher/1.4/plexus-cipher-1.4.jar:/Users/macbookpro/.m2/repository/org/codehaus/plexus/plexus-utils/3.0.22/plexus-utils-3.0.22.jar:/Users/macbookpro/.m2/repository/org/apache/maven/shared/file-management/1.2.1/file-management-1.2.1.jar:/Users/macbookpro/.m2/repository/org/apache/maven/shared/maven-shared-io/1.1/maven-shared-io-1.1.jar:/Users/macbookpro/.m2/repository/org/apache/maven/maven-artifact-manager/2.0.2/maven-artifact-manager-2.0.2.jar:/Users/macbookpro/.m2/repository/org/apache/maven/wagon/wagon-provider-api/1.0-alpha-6/wagon-provider-api-1.0-alpha-6.jar:/Users/macbookpro/.m2/repository/org/codehaus/plexus/plexus-container-default/1.0-alpha-9/plexus-container-default-1.0-alpha-9.jar:/Users/macbookpro/.m2/repository/junit/junit/4.13.2/junit-4.13.2.jar:/Users/macbookpro/.m2/repository/org/hamcrest/hamcrest-core/2.2/hamcrest-core-2.2.jar:/Users/macbookpro/.m2/repository/classworlds/classworlds/1.1-alpha-2/classworlds-1.1-alpha-2.jar:/Users/macbookpro/.m2/repository/org/apache/maven/reporting/maven-reporting-api/3.0/maven-reporting-api-3.0.jar:/Users/macbookpro/.m2/repository/org/apache/maven/doxia/doxia-sink-api/1.0/doxia-sink-api-1.0.jar:/Users/macbookpro/.m2/repository/org/apache/maven/reporting/maven-reporting-impl/2.1/maven-reporting-impl-2.1.jar:/Users/macbookpro/.m2/repository/org/apache/maven/maven-project/2.0.10/maven-project-2.0.10.jar:/Users/macbookpro/.m2/repository/org/apache/maven/maven-profile/2.0.10/maven-profile-2.0.10.jar:/Users/macbookpro/.m2/repository/org/apache/maven/maven-plugin-registry/2.0.10/maven-plugin-registry-2.0.10.jar:/Users/macbookpro/.m2/repository/org/apache/maven/doxia/doxia-core/1.1.2/doxia-core-1.1.2.jar:/Users/macbookpro/.m2/repository/org/apache/maven/doxia/doxia-logging-api/1.1.2/doxia-logging-api-1.1.2.jar:/Users/macbookpro/.m2/repository/xerces/xercesImpl/2.8.1/xercesImpl-2.8.1.jar:/Users/macbookpro/.m2/repository/commons-httpclient/commons-httpclient/3.1/commons-httpclient-3.1.jar:/Users/macbookpro/.m2/repository/commons-codec/commons-codec/1.15/commons-codec-1.15.jar:/Users/macbookpro/.m2/repository/org/apache/maven/doxia/doxia-site-renderer/1.1.2/doxia-site-renderer-1.1.2.jar:/Users/macbookpro/.m2/repository/org/apache/maven/doxia/doxia-decoration-model/1.1.2/doxia-decoration-model-1.1.2.jar:/Users/macbookpro/.m2/repository/org/apache/maven/doxia/doxia-module-xhtml/1.1.2/doxia-module-xhtml-1.1.2.jar:/Users/macbookpro/.m2/repository/org/apache/maven/doxia/doxia-module-fml/1.1.2/doxia-module-fml-1.1.2.jar:/Users/macbookpro/.m2/repository/org/codehaus/plexus/plexus-i18n/1.0-beta-7/plexus-i18n-1.0-beta-7.jar:/Users/macbookpro/.m2/repository/org/codehaus/plexus/plexus-velocity/1.1.7/plexus-velocity-1.1.7.jar:/Users/macbookpro/.m2/repository/org/apache/velocity/velocity/1.5/velocity-1.5.jar:/Users/macbookpro/.m2/repository/commons-collections/commons-collections/3.2/commons-collections-3.2.jar:/Users/macbookpro/.m2/repository/commons-validator/commons-validator/1.2.0/commons-validator-1.2.0.jar:/Users/macbookpro/.m2/repository/commons-beanutils/commons-beanutils/1.7.0/commons-beanutils-1.7.0.jar:/Users/macbookpro/.m2/repository/commons-digester/commons-digester/1.6/commons-digester-1.6.jar:/Users/macbookpro/.m2/repository/commons-logging/commons-logging/1.0.4/commons-logging-1.0.4.jar:/Users/macbookpro/.m2/repository/oro/oro/2.0.8/oro-2.0.8.jar:/Users/macbookpro/.m2/repository/xml-apis/xml-apis/1.0.b2/xml-apis-1.0.b2.jar:/Users/macbookpro/.m2/repository/org/jacoco/org.jacoco.agent/0.8.6/org.jacoco.agent-0.8.6-runtime.jar:/Users/macbookpro/.m2/repository/org/jacoco/org.jacoco.core/0.8.6/org.jacoco.core-0.8.6.jar:/Users/macbookpro/.m2/repository/org/ow2/asm/asm/8.0.1/asm-8.0.1.jar:/Users/macbookpro/.m2/repository/org/ow2/asm/asm-commons/8.0.1/asm-commons-8.0.1.jar:/Users/macbookpro/.m2/repository/org/ow2/asm/asm-analysis/8.0.1/asm-analysis-8.0.1.jar:/Users/macbookpro/.m2/repository/org/ow2/asm/asm-tree/8.0.1/asm-tree-8.0.1.jar:/Users/macbookpro/.m2/repository/org/jacoco/org.jacoco.report/0.8.6/org.jacoco.report-0.8.6.jar:/Users/macbookpro/.m2/repository/com/tngtech/archunit/archunit-junit5-api/0.14.1/archunit-junit5-api-0.14.1.jar:/Users/macbookpro/.m2/repository/com/tngtech/archunit/archunit/0.14.1/archunit-0.14.1.jar:/Users/macbookpro/.m2/repository/org/slf4j/slf4j-api/1.7.31/slf4j-api-1.7.31.jar:/Users/macbookpro/.m2/repository/com/tngtech/archunit/archunit-junit5-engine/0.14.1/archunit-junit5-engine-0.14.1.jar:/Users/macbookpro/.m2/repository/com/tngtech/archunit/archunit-junit5-engine-api/0.14.1/archunit-junit5-engine-api-0.14.1.jar:/Users/macbookpro/.m2/repository/org/junit/platform/junit-platform-engine/1.7.2/junit-platform-engine-1.7.2.jar:/Users/macbookpro/.m2/repository/org/springframework/boot/spring-boot-starter-data-jpa/2.5.2/spring-boot-starter-data-jpa-2.5.2.jar:/Users/macbookpro/.m2/repository/org/springframework/boot/spring-boot-starter-aop/2.5.2/spring-boot-starter-aop-2.5.2.jar:/Users/macbookpro/.m2/repository/org/springframework/spring-aop/5.3.8/spring-aop-5.3.8.jar:/Users/macbookpro/.m2/repository/org/aspectj/aspectjweaver/1.9.6/aspectjweaver-1.9.6.jar:/Users/macbookpro/.m2/repository/org/springframework/boot/spring-boot-starter-jdbc/2.5.2/spring-boot-starter-jdbc-2.5.2.jar:/Users/macbookpro/.m2/repository/com/zaxxer/HikariCP/4.0.3/HikariCP-4.0.3.jar:/Users/macbookpro/.m2/repository/org/springframework/spring-jdbc/5.3.8/spring-jdbc-5.3.8.jar:/Users/macbookpro/.m2/repository/jakarta/transaction/jakarta.transaction-api/1.3.3/jakarta.transaction-api-1.3.3.jar:/Users/macbookpro/.m2/repository/jakarta/persistence/jakarta.persistence-api/2.2.3/jakarta.persistence-api-2.2.3.jar:/Users/macbookpro/.m2/repository/org/hibernate/hibernate-core/5.4.32.Final/hibernate-core-5.4.32.Final.jar:/Users/macbookpro/.m2/repository/org/jboss/logging/jboss-logging/3.4.2.Final/jboss-logging-3.4.2.Final.jar:/Users/macbookpro/.m2/repository/org/javassist/javassist/3.27.0-GA/javassist-3.27.0-GA.jar:/Users/macbookpro/.m2/repository/antlr/antlr/2.7.7/antlr-2.7.7.jar:/Users/macbookpro/.m2/repository/org/jboss/jandex/2.2.3.Final/jandex-2.2.3.Final.jar:/Users/macbookpro/.m2/repository/com/fasterxml/classmate/1.5.1/classmate-1.5.1.jar:/Users/macbookpro/.m2/repository/org/dom4j/dom4j/2.1.3/dom4j-2.1.3.jar:/Users/macbookpro/.m2/repository/org/hibernate/common/hibernate-commons-annotations/5.1.2.Final/hibernate-commons-annotations-5.1.2.Final.jar:/Users/macbookpro/.m2/repository/org/glassfish/jaxb/jaxb-runtime/2.3.4/jaxb-runtime-2.3.4.jar:/Users/macbookpro/.m2/repository/org/glassfish/jaxb/txw2/2.3.4/txw2-2.3.4.jar:/Users/macbookpro/.m2/repository/com/sun/istack/istack-commons-runtime/3.0.12/istack-commons-runtime-3.0.12.jar:/Users/macbookpro/.m2/repository/com/sun/activation/jakarta.activation/1.2.2/jakarta.activation-1.2.2.jar:/Users/macbookpro/.m2/repository/org/springframework/data/spring-data-jpa/2.5.2/spring-data-jpa-2.5.2.jar:/Users/macbookpro/.m2/repository/org/springframework/data/spring-data-commons/2.5.2/spring-data-commons-2.5.2.jar:/Users/macbookpro/.m2/repository/org/springframework/spring-orm/5.3.8/spring-orm-5.3.8.jar:/Users/macbookpro/.m2/repository/org/springframework/spring-context/5.3.8/spring-context-5.3.8.jar:/Users/macbookpro/.m2/repository/org/springframework/spring-tx/5.3.8/spring-tx-5.3.8.jar:/Users/macbookpro/.m2/repository/org/springframework/spring-beans/5.3.8/spring-beans-5.3.8.jar:/Users/macbookpro/.m2/repository/org/springframework/spring-aspects/5.3.8/spring-aspects-5.3.8.jar:/Users/macbookpro/.m2/repository/org/springframework/boot/spring-boot-starter-web/2.5.2/spring-boot-starter-web-2.5.2.jar:/Users/macbookpro/.m2/repository/org/springframework/boot/spring-boot-starter/2.5.2/spring-boot-starter-2.5.2.jar:/Users/macbookpro/.m2/repository/org/springframework/boot/spring-boot/2.5.2/spring-boot-2.5.2.jar:/Users/macbookpro/.m2/repository/org/springframework/boot/spring-boot-autoconfigure/2.5.2/spring-boot-autoconfigure-2.5.2.jar:/Users/macbookpro/.m2/repository/org/springframework/boot/spring-boot-starter-logging/2.5.2/spring-boot-starter-logging-2.5.2.jar:/Users/macbookpro/.m2/repository/ch/qos/logback/logback-classic/1.2.3/logback-classic-1.2.3.jar:/Users/macbookpro/.m2/repository/ch/qos/logback/logback-core/1.2.3/logback-core-1.2.3.jar:/Users/macbookpro/.m2/repository/org/slf4j/jul-to-slf4j/1.7.31/jul-to-slf4j-1.7.31.jar:/Users/macbookpro/.m2/repository/jakarta/annotation/jakarta.annotation-api/1.3.5/jakarta.annotation-api-1.3.5.jar:/Users/macbookpro/.m2/repository/org/yaml/snakeyaml/1.28/snakeyaml-1.28.jar:/Users/macbookpro/.m2/repository/org/springframework/boot/spring-boot-starter-json/2.5.2/spring-boot-starter-json-2.5.2.jar:/Users/macbookpro/.m2/repository/com/fasterxml/jackson/core/jackson-databind/2.12.3/jackson-databind-2.12.3.jar:/Users/macbookpro/.m2/repository/com/fasterxml/jackson/core/jackson-annotations/2.12.3/jackson-annotations-2.12.3.jar:/Users/macbookpro/.m2/repository/com/fasterxml/jackson/core/jackson-core/2.12.3/jackson-core-2.12.3.jar:/Users/macbookpro/.m2/repository/com/fasterxml/jackson/datatype/jackson-datatype-jdk8/2.12.3/jackson-datatype-jdk8-2.12.3.jar:/Users/macbookpro/.m2/repository/com/fasterxml/jackson/datatype/jackson-datatype-jsr310/2.12.3/jackson-datatype-jsr310-2.12.3.jar:/Users/macbookpro/.m2/repository/com/fasterxml/jackson/module/jackson-module-parameter-names/2.12.3/jackson-module-parameter-names-2.12.3.jar:/Users/macbookpro/.m2/repository/org/springframework/boot/spring-boot-starter-tomcat/2.5.2/spring-boot-starter-tomcat-2.5.2.jar:/Users/macbookpro/.m2/repository/org/apache/tomcat/embed/tomcat-embed-core/9.0.48/tomcat-embed-core-9.0.48.jar:/Users/macbookpro/.m2/repository/org/apache/tomcat/embed/tomcat-embed-websocket/9.0.48/tomcat-embed-websocket-9.0.48.jar:/Users/macbookpro/.m2/repository/org/springframework/spring-web/5.3.8/spring-web-5.3.8.jar:/Users/macbookpro/.m2/repository/org/springframework/spring-webmvc/5.3.8/spring-webmvc-5.3.8.jar:/Users/macbookpro/.m2/repository/org/springframework/spring-expression/5.3.8/spring-expression-5.3.8.jar:/Users/macbookpro/.m2/repository/com/microsoft/sqlserver/mssql-jdbc/9.2.1.jre8/mssql-jdbc-9.2.1.jre8.jar:/Users/macbookpro/.m2/repository/mysql/mysql-connector-java/8.0.25/mysql-connector-java-8.0.25.jar:/Users/macbookpro/.m2/repository/org/mapstruct/mapstruct-processor/1.3.1.Final/mapstruct-processor-1.3.1.Final.jar:/Users/macbookpro/.m2/repository/org/mapstruct/mapstruct/1.3.1.Final/mapstruct-1.3.1.Final.jar:/Users/macbookpro/.m2/repository/org/projectlombok/lombok/1.18.10/lombok-1.18.10.jar:/Users/macbookpro/.m2/repository/org/springframework/boot/spring-boot-starter-test/2.5.2/spring-boot-starter-test-2.5.2.jar:/Users/macbookpro/.m2/repository/org/springframework/boot/spring-boot-test/2.5.2/spring-boot-test-2.5.2.jar:/Users/macbookpro/.m2/repository/org/springframework/boot/spring-boot-test-autoconfigure/2.5.2/spring-boot-test-autoconfigure-2.5.2.jar:/Users/macbookpro/.m2/repository/com/jayway/jsonpath/json-path/2.5.0/json-path-2.5.0.jar:/Users/macbookpro/.m2/repository/net/minidev/json-smart/2.4.7/json-smart-2.4.7.jar:/Users/macbookpro/.m2/repository/net/minidev/accessors-smart/2.4.7/accessors-smart-2.4.7.jar:/Users/macbookpro/.m2/repository/jakarta/xml/bind/jakarta.xml.bind-api/2.3.3/jakarta.xml.bind-api-2.3.3.jar:/Users/macbookpro/.m2/repository/jakarta/activation/jakarta.activation-api/1.2.2/jakarta.activation-api-1.2.2.jar:/Users/macbookpro/.m2/repository/org/assertj/assertj-core/3.19.0/assertj-core-3.19.0.jar:/Users/macbookpro/.m2/repository/org/hamcrest/hamcrest/2.2/hamcrest-2.2.jar:/Users/macbookpro/.m2/repository/org/junit/jupiter/junit-jupiter/5.7.2/junit-jupiter-5.7.2.jar:/Users/macbookpro/.m2/repository/org/junit/jupiter/junit-jupiter-params/5.7.2/junit-jupiter-params-5.7.2.jar:/Users/macbookpro/.m2/repository/org/junit/jupiter/junit-jupiter-engine/5.7.2/junit-jupiter-engine-5.7.2.jar:/Users/macbookpro/.m2/repository/org/mockito/mockito-junit-jupiter/3.9.0/mockito-junit-jupiter-3.9.0.jar:/Users/macbookpro/.m2/repository/org/skyscreamer/jsonassert/1.5.0/jsonassert-1.5.0.jar:/Users/macbookpro/.m2/repository/com/vaadin/external/google/android-json/0.0.20131108.vaadin1/android-json-0.0.20131108.vaadin1.jar:/Users/macbookpro/.m2/repository/org/springframework/spring-core/5.3.8/spring-core-5.3.8.jar:/Users/macbookpro/.m2/repository/org/springframework/spring-jcl/5.3.8/spring-jcl-5.3.8.jar:/Users/macbookpro/.m2/repository/org/springframework/spring-test/5.3.8/spring-test-5.3.8.jar:/Users/macbookpro/.m2/repository/org/xmlunit/xmlunit-core/2.8.2/xmlunit-core-2.8.2.jar:/Users/macbookpro/.m2/repository/org/hamcrest/hamcrest-all/1.3/hamcrest-all-1.3.jar:/Users/macbookpro/.m2/repository/org/mockito/mockito-core/3.9.0/mockito-core-3.9.0.jar:/Users/macbookpro/.m2/repository/net/bytebuddy/byte-buddy/1.10.22/byte-buddy-1.10.22.jar:/Users/macbookpro/.m2/repository/net/bytebuddy/byte-buddy-agent/1.10.22/byte-buddy-agent-1.10.22.jar:/Users/macbookpro/.m2/repository/org/objenesis/objenesis/3.2/objenesis-3.2.jar:/Users/macbookpro/.m2/repository/org/junit/jupiter/junit-jupiter-api/5.8.1/junit-jupiter-api-5.8.1.jar:/Users/macbookpro/.m2/repository/org/opentest4j/opentest4j/1.2.0/opentest4j-1.2.0.jar:/Users/macbookpro/.m2/repository/org/junit/platform/junit-platform-commons/1.7.2/junit-platform-commons-1.7.2.jar:/Users/macbookpro/.m2/repository/org/apiguardian/apiguardian-api/1.1.2/apiguardian-api-1.1.2.jar:/Users/macbookpro/.m2/repository/com/h2database/h2/1.4.200/h2-1.4.200.jar:/Users/macbookpro/.m2/repository/org/springframework/boot/spring-boot-starter-validation/2.5.2/spring-boot-starter-validation-2.5.2.jar:/Users/macbookpro/.m2/repository/org/apache/tomcat/embed/tomcat-embed-el/9.0.48/tomcat-embed-el-9.0.48.jar:/Users/macbookpro/.m2/repository/org/hibernate/validator/hibernate-validator/6.2.0.Final/hibernate-validator-6.2.0.Final.jar:/Users/macbookpro/.m2/repository/jakarta/validation/jakarta.validation-api/2.0.2/jakarta.validation-api-2.0.2.jar:/Users/macbookpro/.m2/repository/commons-lang/commons-lang/2.5/commons-lang-2.5.jar:"/>
    <property name="sun.cpu.endian" value="little"/>
    <property name="user.home" value="/Users/macbookpro"/>
    <property name="user.language" value="fr"/>
    <property name="java.specification.vendor" value="Oracle Corporation"/>
    <property name="java.version.date" value="2021-04-20"/>
    <property name="java.home" value="/Library/Java/JavaVirtualMachines/adoptopenjdk-11.jdk/Contents/Home"/>
    <property name="file.separator" value="/"/>
    <property name="basedir" value="/Users/macbookpro/Documents/Dic1/Projects/agilite/todos"/>
    <property name="java.vm.compressedOopsMode" value="Zero based"/>
    <property name="line.separator" value="&#10;"/>
    <property name="java.specification.name" value="Java Platform API Specification"/>
    <property name="java.vm.specification.vendor" value="Oracle Corporation"/>
    <property name="FILE_LOG_CHARSET" value="UTF-8"/>
    <property name="java.awt.graphicsenv" value="sun.awt.CGraphicsEnvironment"/>
    <property name="java.awt.headless" value="true"/>
    <property name="surefire.real.class.path" value="/Users/macbookpro/Documents/Dic1/Projects/agilite/todos/target/surefire/surefirebooter1213896087555355177.jar"/>
    <property name="sun.management.compiler" value="HotSpot 64-Bit Tiered Compilers"/>
    <property name="ftp.nonProxyHosts" value="local|*.local|169.254/16|*.169.254/16"/>
    <property name="java.runtime.version" value="11.0.11+9"/>
    <property name="user.name" value="macbookpro"/>
    <property name="path.separator" value=":"/>
    <property name="os.version" value="11.4"/>
    <property name="java.runtime.name" value="OpenJDK Runtime Environment"/>
    <property name="file.encoding" value="UTF-8"/>
    <property name="spring.beaninfo.ignore" value="true"/>
    <property name="java.vm.name" value="OpenJDK 64-Bit Server VM"/>
    <property name="java.vendor.version" value="AdoptOpenJDK-11.0.11+9"/>
    <property name="localRepository" value="/Users/macbookpro/.m2/repository"/>
    <property name="java.vendor.url.bug" value="https://github.com/AdoptOpenJDK/openjdk-support/issues"/>
    <property name="java.io.tmpdir" value="/var/folders/wx/cbtxq9497h5_hl_4g1dlbd6c0000gn/T/"/>
    <property name="com.zaxxer.hikari.pool_number" value="1"/>
    <property name="java.version" value="11.0.11"/>
    <property name="user.dir" value="/Users/macbookpro/Documents/Dic1/Projects/agilite/todos"/>
    <property name="os.arch" value="x86_64"/>
    <property name="java.vm.specification.name" value="Java Virtual Machine Specification"/>
    <property name="PID" value="2899"/>
    <property name="java.awt.printerjob" value="sun.lwawt.macosx.CPrinterJob"/>
    <property name="sun.os.patch.level" value="unknown"/>
    <property name="CONSOLE_LOG_CHARSET" value="UTF-8"/>
    <property name="java.library.path" value="/Users/macbookpro/Library/Java/Extensions:/Library/Java/Extensions:/Network/Library/Java/Extensions:/System/Library/Java/Extensions:/usr/lib/java:."/>
    <property name="java.vm.info" value="mixed mode"/>
    <property name="java.vendor" value="AdoptOpenJDK"/>
    <property name="java.vm.version" value="11.0.11+9"/>
    <property name="sun.io.unicode.encoding" value="UnicodeBig"/>
    <property name="java.class.version" value="55.0"/>
    <property name="socksNonProxyHosts" value="local|*.local|169.254/16|*.169.254/16"/>
  </properties>
  <testcase name="contextLoads" classname="sn.ept.git.seminaire.cicd.repositories.TagRepositoryTest" time="0.492">
    <system-out><![CDATA[03:16:33.523 [main] DEBUG org.springframework.test.context.BootstrapUtils - Instantiating CacheAwareContextLoaderDelegate from class [org.springframework.test.context.cache.DefaultCacheAwareContextLoaderDelegate]
03:16:33.558 [main] DEBUG org.springframework.test.context.BootstrapUtils - Instantiating BootstrapContext using constructor [public org.springframework.test.context.support.DefaultBootstrapContext(java.lang.Class,org.springframework.test.context.CacheAwareContextLoaderDelegate)]
03:16:33.683 [main] DEBUG org.springframework.test.context.BootstrapUtils - Instantiating TestContextBootstrapper for test class [sn.ept.git.seminaire.cicd.repositories.TagRepositoryTest] from class [org.springframework.boot.test.context.SpringBootTestContextBootstrapper]
03:16:33.714 [main] INFO org.springframework.boot.test.context.SpringBootTestContextBootstrapper - Neither @ContextConfiguration nor @ContextHierarchy found for test class [sn.ept.git.seminaire.cicd.repositories.TagRepositoryTest], using SpringBootContextLoader
03:16:33.723 [main] DEBUG org.springframework.test.context.support.AbstractContextLoader - Did not detect default resource location for test class [sn.ept.git.seminaire.cicd.repositories.TagRepositoryTest]: class path resource [sn/ept/git/seminaire/cicd/repositories/TagRepositoryTest-context.xml] does not exist
03:16:33.724 [main] DEBUG org.springframework.test.context.support.AbstractContextLoader - Did not detect default resource location for test class [sn.ept.git.seminaire.cicd.repositories.TagRepositoryTest]: class path resource [sn/ept/git/seminaire/cicd/repositories/TagRepositoryTestContext.groovy] does not exist
03:16:33.724 [main] INFO org.springframework.test.context.support.AbstractContextLoader - Could not detect default resource locations for test class [sn.ept.git.seminaire.cicd.repositories.TagRepositoryTest]: no resource found for suffixes {-context.xml, Context.groovy}.
03:16:33.828 [main] DEBUG org.springframework.test.context.support.ActiveProfilesUtils - Could not find an 'annotation declaring class' for annotation type [org.springframework.test.context.ActiveProfiles] and class [sn.ept.git.seminaire.cicd.repositories.TagRepositoryTest]
03:16:34.138 [main] DEBUG org.springframework.boot.test.context.SpringBootTestContextBootstrapper - @TestExecutionListeners is not present for class [sn.ept.git.seminaire.cicd.repositories.TagRepositoryTest]: using defaults.
03:16:34.139 [main] INFO org.springframework.boot.test.context.SpringBootTestContextBootstrapper - Loaded default TestExecutionListener class names from location [META-INF/spring.factories]: [org.springframework.boot.test.mock.mockito.MockitoTestExecutionListener, org.springframework.boot.test.mock.mockito.ResetMocksTestExecutionListener, org.springframework.boot.test.autoconfigure.restdocs.RestDocsTestExecutionListener, org.springframework.boot.test.autoconfigure.web.client.MockRestServiceServerResetTestExecutionListener, org.springframework.boot.test.autoconfigure.web.servlet.MockMvcPrintOnlyOnFailureTestExecutionListener, org.springframework.boot.test.autoconfigure.web.servlet.WebDriverTestExecutionListener, org.springframework.boot.test.autoconfigure.webservices.client.MockWebServiceServerTestExecutionListener, org.springframework.test.context.web.ServletTestExecutionListener, org.springframework.test.context.support.DirtiesContextBeforeModesTestExecutionListener, org.springframework.test.context.event.ApplicationEventsTestExecutionListener, org.springframework.test.context.support.DependencyInjectionTestExecutionListener, org.springframework.test.context.support.DirtiesContextTestExecutionListener, org.springframework.test.context.transaction.TransactionalTestExecutionListener, org.springframework.test.context.jdbc.SqlScriptsTestExecutionListener, org.springframework.test.context.event.EventPublishingTestExecutionListener]
03:16:34.188 [main] INFO org.springframework.boot.test.context.SpringBootTestContextBootstrapper - Using TestExecutionListeners: [org.springframework.test.context.web.ServletTestExecutionListener@428c9250, org.springframework.test.context.support.DirtiesContextBeforeModesTestExecutionListener@7c1a4a74, org.springframework.test.context.event.ApplicationEventsTestExecutionListener@46569cab, org.springframework.boot.test.mock.mockito.MockitoTestExecutionListener@5d33426a, org.springframework.boot.test.autoconfigure.SpringBootDependencyInjectionTestExecutionListener@7b8b458e, org.springframework.test.context.support.DirtiesContextTestExecutionListener@55ecf961, org.springframework.test.context.transaction.TransactionalTestExecutionListener@27ad94b3, org.springframework.test.context.jdbc.SqlScriptsTestExecutionListener@604aa23e, org.springframework.test.context.event.EventPublishingTestExecutionListener@414c2c8c, org.springframework.boot.test.mock.mockito.ResetMocksTestExecutionListener@73d9f235, org.springframework.boot.test.autoconfigure.restdocs.RestDocsTestExecutionListener@389ae8f1, org.springframework.boot.test.autoconfigure.web.client.MockRestServiceServerResetTestExecutionListener@d74f68e, org.springframework.boot.test.autoconfigure.web.servlet.MockMvcPrintOnlyOnFailureTestExecutionListener@2d7c93e0, org.springframework.boot.test.autoconfigure.web.servlet.WebDriverTestExecutionListener@11088420, org.springframework.boot.test.autoconfigure.webservices.client.MockWebServiceServerTestExecutionListener@7eba3b90]
03:16:34.195 [main] DEBUG org.springframework.test.context.support.AbstractDirtiesContextTestExecutionListener - Before test class: context [DefaultTestContext@406fec86 testClass = TagRepositoryTest, testInstance = [null], testMethod = [null], testException = [null], mergedContextConfiguration = [WebMergedContextConfiguration@ac94285 testClass = TagRepositoryTest, locations = '{}', classes = '{class sn.ept.git.seminaire.cicd.TodoApplication}', contextInitializerClasses = '[]', activeProfiles = '{}', propertySourceLocations = '{}', propertySourceProperties = '{org.springframework.boot.test.context.SpringBootTestContextBootstrapper=true}', contextCustomizers = set[org.springframework.boot.test.context.filter.ExcludeFilterContextCustomizer@4ba62429, org.springframework.boot.test.json.DuplicateJsonObjectContextCustomizerFactory$DuplicateJsonObjectContextCustomizer@56e4f071, org.springframework.boot.test.mock.mockito.MockitoContextCustomizer@0, org.springframework.boot.test.web.client.TestRestTemplateContextCustomizer@3cfd9459, org.springframework.boot.test.autoconfigure.actuate.metrics.MetricsExportContextCustomizerFactory$DisableMetricExportContextCustomizer@442bb11b, org.springframework.boot.test.autoconfigure.properties.PropertyMappingContextCustomizer@0, org.springframework.boot.test.autoconfigure.web.servlet.WebDriverContextCustomizerFactory$Customizer@50dfac19, org.springframework.boot.test.context.SpringBootTestArgs@1, org.springframework.boot.test.context.SpringBootTestWebEnvironment@307cf289], resourceBasePath = 'src/main/webapp', contextLoader = 'org.springframework.boot.test.context.SpringBootContextLoader', parent = [null]], attributes = map['org.springframework.test.context.web.ServletTestExecutionListener.activateListener' -> true]], class annotated with @DirtiesContext [false] with mode [null].
03:16:34.271 [main] DEBUG org.springframework.test.context.support.TestPropertySourceUtils - Adding inlined properties to environment: {spring.jmx.enabled=false, org.springframework.boot.test.context.SpringBootTestContextBootstrapper=true}

  .   ____          _            __ _ _
 /\\ / ___'_ __ _ _(_)_ __  __ _ \ \ \ \
( ( )\___ | '_ | '_| | '_ \/ _` | \ \ \ \
 \\/  ___)| |_)| | | | | || (_| |  ) ) ) )
  '  |____| .__|_| |_|_| |_\__, | / / / /
 =========|_|==============|___/=/_/_/_/
 :: Spring Boot ::                (v2.5.2)

2023-09-14 03:16:35.006  INFO 2899 --- [           main] s.e.g.s.c.r.TagRepositoryTest            : Starting TagRepositoryTest using Java 11.0.11 on mouhag.home with PID 2899 (started by macbookpro in /Users/macbookpro/Documents/Dic1/Projects/agilite/todos)
2023-09-14 03:16:35.011  INFO 2899 --- [           main] s.e.g.s.c.r.TagRepositoryTest            : No active profile set, falling back to default profiles: default
2023-09-14 03:16:37.074  INFO 2899 --- [           main] .s.d.r.c.RepositoryConfigurationDelegate : Bootstrapping Spring Data JPA repositories in DEFAULT mode.
2023-09-14 03:16:37.265  INFO 2899 --- [           main] .s.d.r.c.RepositoryConfigurationDelegate : Finished Spring Data repository scanning in 171 ms. Found 2 JPA repository interfaces.
2023-09-14 03:16:38.822  INFO 2899 --- [           main] o.hibernate.jpa.internal.util.LogHelper  : HHH000204: Processing PersistenceUnitInfo [name: default]
2023-09-14 03:16:38.997  INFO 2899 --- [           main] org.hibernate.Version                    : HHH000412: Hibernate ORM core version 5.4.32.Final
2023-09-14 03:16:39.121  INFO 2899 --- [           main] o.hibernate.annotations.common.Version   : HCANN000001: Hibernate Commons Annotations {5.1.2.Final}
2023-09-14 03:16:39.552  INFO 2899 --- [           main] com.zaxxer.hikari.HikariDataSource       : HikariPool-1 - Starting...
2023-09-14 03:16:40.688  INFO 2899 --- [           main] com.zaxxer.hikari.HikariDataSource       : HikariPool-1 - Start completed.
2023-09-14 03:16:40.815  INFO 2899 --- [           main] org.hibernate.dialect.Dialect            : HHH000400: Using dialect: org.hibernate.dialect.H2Dialect
Hibernate: drop table if exists acicd_tags CASCADE 
Hibernate: drop table if exists acicd_todos CASCADE 
Hibernate: drop table if exists tags_todos CASCADE 
Hibernate: create table acicd_tags (id binary not null, created_date timestamp, deleted boolean not null, enabled boolean not null, last_modified_date timestamp, version integer not null, description varchar(255), name varchar(50), primary key (id))
Hibernate: create table acicd_todos (id binary not null, created_date timestamp, deleted boolean not null, enabled boolean not null, last_modified_date timestamp, version integer not null, completed boolean not null, description varchar(255), title varchar(80), primary key (id))
Hibernate: create table tags_todos (id_todo binary not null, id_tag binary not null, primary key (id_todo, id_tag))
Hibernate: alter table acicd_tags add constraint UK_m8cmpn3mbl6rddcmdp6jkm5gj unique (name)
Hibernate: alter table acicd_todos add constraint UK_rv65c4b0kp0g2m7kfplxsjn9f unique (title)
Hibernate: alter table tags_todos add constraint FKaomjpjc4ry7p65i1h7pqkg9r1 foreign key (id_tag) references acicd_tags
Hibernate: alter table tags_todos add constraint FKpw0duwb5dmunp1utsagammrdd foreign key (id_todo) references acicd_todos
2023-09-14 03:16:42.502  INFO 2899 --- [           main] o.h.e.t.j.p.i.JtaPlatformInitiator       : HHH000490: Using JtaPlatform implementation: [org.hibernate.engine.transaction.jta.platform.internal.NoJtaPlatform]
2023-09-14 03:16:42.526  INFO 2899 --- [           main] j.LocalContainerEntityManagerFactoryBean : Initialized JPA EntityManagerFactory for persistence unit 'default'
2023-09-14 03:16:44.551  WARN 2899 --- [           main] JpaBaseConfiguration$JpaWebConfiguration : spring.jpa.open-in-view is enabled by default. Therefore, database queries may be performed during view rendering. Explicitly configure spring.jpa.open-in-view to disable this warning
2023-09-14 03:16:45.288  INFO 2899 --- [           main] o.s.b.a.h2.H2ConsoleAutoConfiguration    : H2 console available at '/h2-console'. Database available at 'jdbc:h2:mem:todos_test_database'
2023-09-14 03:16:46.004  INFO 2899 --- [           main] s.e.g.s.c.r.TagRepositoryTest            : Started TagRepositoryTest in 11.716 seconds (JVM running for 23.722)
2023-09-14 03:16:46.082  INFO 2899 --- [           main] o.s.t.c.transaction.TransactionContext   : Began transaction (1) for test context [DefaultTestContext@406fec86 testClass = TagRepositoryTest, testInstance = sn.ept.git.seminaire.cicd.repositories.TagRepositoryTest@416571ba, testMethod = contextLoads@RepositoryBaseTest, testException = [null], mergedContextConfiguration = [WebMergedContextConfiguration@ac94285 testClass = TagRepositoryTest, locations = '{}', classes = '{class sn.ept.git.seminaire.cicd.TodoApplication}', contextInitializerClasses = '[]', activeProfiles = '{}', propertySourceLocations = '{}', propertySourceProperties = '{org.springframework.boot.test.context.SpringBootTestContextBootstrapper=true}', contextCustomizers = set[org.springframework.boot.test.context.filter.ExcludeFilterContextCustomizer@4ba62429, org.springframework.boot.test.json.DuplicateJsonObjectContextCustomizerFactory$DuplicateJsonObjectContextCustomizer@56e4f071, org.springframework.boot.test.mock.mockito.MockitoContextCustomizer@0, org.springframework.boot.test.web.client.TestRestTemplateContextCustomizer@3cfd9459, org.springframework.boot.test.autoconfigure.actuate.metrics.MetricsExportContextCustomizerFactory$DisableMetricExportContextCustomizer@442bb11b, org.springframework.boot.test.autoconfigure.properties.PropertyMappingContextCustomizer@0, org.springframework.boot.test.autoconfigure.web.servlet.WebDriverContextCustomizerFactory$Customizer@50dfac19, org.springframework.boot.test.context.SpringBootTestArgs@1, org.springframework.boot.test.context.SpringBootTestWebEnvironment@307cf289], resourceBasePath = 'src/main/webapp', contextLoader = 'org.springframework.boot.test.context.SpringBootContextLoader', parent = [null]], attributes = map['org.springframework.test.context.web.ServletTestExecutionListener.activateListener' -> true, 'org.springframework.test.context.web.ServletTestExecutionListener.populatedRequestContextHolder' -> true, 'org.springframework.test.context.web.ServletTestExecutionListener.resetRequestContextHolder' -> true, 'org.springframework.test.context.event.ApplicationEventsTestExecutionListener.recordApplicationEvents' -> false]]; transaction manager [org.springframework.orm.jpa.JpaTransactionManager@4037059c]; rollback [true]
Hibernate: select tag0_.id as id1_0_, tag0_.created_date as created_2_0_, tag0_.deleted as deleted3_0_, tag0_.enabled as enabled4_0_, tag0_.last_modified_date as last_mod5_0_, tag0_.version as version6_0_, tag0_.description as descript7_0_, tag0_.name as name8_0_ from acicd_tags tag0_ where (  tag0_.deleted = 0 )
Hibernate: select tag0_.id as id1_0_0_, tag0_.created_date as created_2_0_0_, tag0_.deleted as deleted3_0_0_, tag0_.enabled as enabled4_0_0_, tag0_.last_modified_date as last_mod5_0_0_, tag0_.version as version6_0_0_, tag0_.description as descript7_0_0_, tag0_.name as name8_0_0_ from acicd_tags tag0_ where tag0_.id=? and (  tag0_.deleted = 0 ) 
Hibernate: insert into acicd_tags (created_date, deleted, enabled, last_modified_date, version, description, name, id) values (?, ?, ?, ?, ?, ?, ?, ?)
Hibernate: update acicd_tags set deleted=?, enabled=?, last_modified_date=?, version=?, description=?, name=? where id=? and version=?
2023-09-14 03:16:46.542  INFO 2899 --- [           main] o.s.t.c.transaction.TransactionContext   : Rolled back transaction for test: [DefaultTestContext@406fec86 testClass = TagRepositoryTest, testInstance = sn.ept.git.seminaire.cicd.repositories.TagRepositoryTest@416571ba, testMethod = contextLoads@RepositoryBaseTest, testException = [null], mergedContextConfiguration = [WebMergedContextConfiguration@ac94285 testClass = TagRepositoryTest, locations = '{}', classes = '{class sn.ept.git.seminaire.cicd.TodoApplication}', contextInitializerClasses = '[]', activeProfiles = '{}', propertySourceLocations = '{}', propertySourceProperties = '{org.springframework.boot.test.context.SpringBootTestContextBootstrapper=true}', contextCustomizers = set[org.springframework.boot.test.context.filter.ExcludeFilterContextCustomizer@4ba62429, org.springframework.boot.test.json.DuplicateJsonObjectContextCustomizerFactory$DuplicateJsonObjectContextCustomizer@56e4f071, org.springframework.boot.test.mock.mockito.MockitoContextCustomizer@0, org.springframework.boot.test.web.client.TestRestTemplateContextCustomizer@3cfd9459, org.springframework.boot.test.autoconfigure.actuate.metrics.MetricsExportContextCustomizerFactory$DisableMetricExportContextCustomizer@442bb11b, org.springframework.boot.test.autoconfigure.properties.PropertyMappingContextCustomizer@0, org.springframework.boot.test.autoconfigure.web.servlet.WebDriverContextCustomizerFactory$Customizer@50dfac19, org.springframework.boot.test.context.SpringBootTestArgs@1, org.springframework.boot.test.context.SpringBootTestWebEnvironment@307cf289], resourceBasePath = 'src/main/webapp', contextLoader = 'org.springframework.boot.test.context.SpringBootContextLoader', parent = [null]], attributes = map['org.springframework.test.context.web.ServletTestExecutionListener.activateListener' -> true, 'org.springframework.test.context.web.ServletTestExecutionListener.populatedRequestContextHolder' -> true, 'org.springframework.test.context.web.ServletTestExecutionListener.resetRequestContextHolder' -> true, 'org.springframework.test.context.event.ApplicationEventsTestExecutionListener.recordApplicationEvents' -> false]]
]]></system-out>
  </testcase>
  <testcase name="findByNameWithIdNotEqual_shouldReturnResult" classname="sn.ept.git.seminaire.cicd.repositories.TagRepositoryTest" time="0.112">
    <system-out><![CDATA[2023-09-14 03:16:46.547  INFO 2899 --- [           main] o.s.t.c.transaction.TransactionContext   : Began transaction (1) for test context [DefaultTestContext@406fec86 testClass = TagRepositoryTest, testInstance = sn.ept.git.seminaire.cicd.repositories.TagRepositoryTest@2876ab79, testMethod = findByNameWithIdNotEqual_shouldReturnResult@TagRepositoryTest, testException = [null], mergedContextConfiguration = [WebMergedContextConfiguration@ac94285 testClass = TagRepositoryTest, locations = '{}', classes = '{class sn.ept.git.seminaire.cicd.TodoApplication}', contextInitializerClasses = '[]', activeProfiles = '{}', propertySourceLocations = '{}', propertySourceProperties = '{org.springframework.boot.test.context.SpringBootTestContextBootstrapper=true}', contextCustomizers = set[org.springframework.boot.test.context.filter.ExcludeFilterContextCustomizer@4ba62429, org.springframework.boot.test.json.DuplicateJsonObjectContextCustomizerFactory$DuplicateJsonObjectContextCustomizer@56e4f071, org.springframework.boot.test.mock.mockito.MockitoContextCustomizer@0, org.springframework.boot.test.web.client.TestRestTemplateContextCustomizer@3cfd9459, org.springframework.boot.test.autoconfigure.actuate.metrics.MetricsExportContextCustomizerFactory$DisableMetricExportContextCustomizer@442bb11b, org.springframework.boot.test.autoconfigure.properties.PropertyMappingContextCustomizer@0, org.springframework.boot.test.autoconfigure.web.servlet.WebDriverContextCustomizerFactory$Customizer@50dfac19, org.springframework.boot.test.context.SpringBootTestArgs@1, org.springframework.boot.test.context.SpringBootTestWebEnvironment@307cf289], resourceBasePath = 'src/main/webapp', contextLoader = 'org.springframework.boot.test.context.SpringBootContextLoader', parent = [null]], attributes = map['org.springframework.test.context.web.ServletTestExecutionListener.activateListener' -> true, 'org.springframework.test.context.web.ServletTestExecutionListener.populatedRequestContextHolder' -> true, 'org.springframework.test.context.web.ServletTestExecutionListener.resetRequestContextHolder' -> true, 'org.springframework.test.context.event.ApplicationEventsTestExecutionListener.recordApplicationEvents' -> false]]; transaction manager [org.springframework.orm.jpa.JpaTransactionManager@4037059c]; rollback [true]
Hibernate: select tag0_.id as id1_0_, tag0_.created_date as created_2_0_, tag0_.deleted as deleted3_0_, tag0_.enabled as enabled4_0_, tag0_.last_modified_date as last_mod5_0_, tag0_.version as version6_0_, tag0_.description as descript7_0_, tag0_.name as name8_0_ from acicd_tags tag0_ where (  tag0_.deleted = 0 )
Hibernate: select tag0_.id as id1_0_0_, tag0_.created_date as created_2_0_0_, tag0_.deleted as deleted3_0_0_, tag0_.enabled as enabled4_0_0_, tag0_.last_modified_date as last_mod5_0_0_, tag0_.version as version6_0_0_, tag0_.description as descript7_0_0_, tag0_.name as name8_0_0_ from acicd_tags tag0_ where tag0_.id=? and (  tag0_.deleted = 0 ) 
Hibernate: insert into acicd_tags (created_date, deleted, enabled, last_modified_date, version, description, name, id) values (?, ?, ?, ?, ?, ?, ?, ?)
Hibernate: update acicd_tags set deleted=?, enabled=?, last_modified_date=?, version=?, description=?, name=? where id=? and version=?
Hibernate: select tag0_.id as id1_0_, tag0_.created_date as created_2_0_, tag0_.deleted as deleted3_0_, tag0_.enabled as enabled4_0_, tag0_.last_modified_date as last_mod5_0_, tag0_.version as version6_0_, tag0_.description as descript7_0_, tag0_.name as name8_0_ from acicd_tags tag0_ where (  tag0_.deleted = 0 ) and tag0_.name=? and tag0_.id<>?
2023-09-14 03:16:46.656  INFO 2899 --- [           main] o.s.t.c.transaction.TransactionContext   : Rolled back transaction for test: [DefaultTestContext@406fec86 testClass = TagRepositoryTest, testInstance = sn.ept.git.seminaire.cicd.repositories.TagRepositoryTest@2876ab79, testMethod = findByNameWithIdNotEqual_shouldReturnResult@TagRepositoryTest, testException = [null], mergedContextConfiguration = [WebMergedContextConfiguration@ac94285 testClass = TagRepositoryTest, locations = '{}', classes = '{class sn.ept.git.seminaire.cicd.TodoApplication}', contextInitializerClasses = '[]', activeProfiles = '{}', propertySourceLocations = '{}', propertySourceProperties = '{org.springframework.boot.test.context.SpringBootTestContextBootstrapper=true}', contextCustomizers = set[org.springframework.boot.test.context.filter.ExcludeFilterContextCustomizer@4ba62429, org.springframework.boot.test.json.DuplicateJsonObjectContextCustomizerFactory$DuplicateJsonObjectContextCustomizer@56e4f071, org.springframework.boot.test.mock.mockito.MockitoContextCustomizer@0, org.springframework.boot.test.web.client.TestRestTemplateContextCustomizer@3cfd9459, org.springframework.boot.test.autoconfigure.actuate.metrics.MetricsExportContextCustomizerFactory$DisableMetricExportContextCustomizer@442bb11b, org.springframework.boot.test.autoconfigure.properties.PropertyMappingContextCustomizer@0, org.springframework.boot.test.autoconfigure.web.servlet.WebDriverContextCustomizerFactory$Customizer@50dfac19, org.springframework.boot.test.context.SpringBootTestArgs@1, org.springframework.boot.test.context.SpringBootTestWebEnvironment@307cf289], resourceBasePath = 'src/main/webapp', contextLoader = 'org.springframework.boot.test.context.SpringBootContextLoader', parent = [null]], attributes = map['org.springframework.test.context.web.ServletTestExecutionListener.activateListener' -> true, 'org.springframework.test.context.web.ServletTestExecutionListener.populatedRequestContextHolder' -> true, 'org.springframework.test.context.web.ServletTestExecutionListener.resetRequestContextHolder' -> true, 'org.springframework.test.context.event.ApplicationEventsTestExecutionListener.recordApplicationEvents' -> false]]
]]></system-out>
  </testcase>
  <testcase name="findByNameWithIdNotEqual_withSameId_shouldReturnNoResult" classname="sn.ept.git.seminaire.cicd.repositories.TagRepositoryTest" time="0.036">
    <system-out><![CDATA[2023-09-14 03:16:46.661  INFO 2899 --- [           main] o.s.t.c.transaction.TransactionContext   : Began transaction (1) for test context [DefaultTestContext@406fec86 testClass = TagRepositoryTest, testInstance = sn.ept.git.seminaire.cicd.repositories.TagRepositoryTest@dd92153, testMethod = findByNameWithIdNotEqual_withSameId_shouldReturnNoResult@TagRepositoryTest, testException = [null], mergedContextConfiguration = [WebMergedContextConfiguration@ac94285 testClass = TagRepositoryTest, locations = '{}', classes = '{class sn.ept.git.seminaire.cicd.TodoApplication}', contextInitializerClasses = '[]', activeProfiles = '{}', propertySourceLocations = '{}', propertySourceProperties = '{org.springframework.boot.test.context.SpringBootTestContextBootstrapper=true}', contextCustomizers = set[org.springframework.boot.test.context.filter.ExcludeFilterContextCustomizer@4ba62429, org.springframework.boot.test.json.DuplicateJsonObjectContextCustomizerFactory$DuplicateJsonObjectContextCustomizer@56e4f071, org.springframework.boot.test.mock.mockito.MockitoContextCustomizer@0, org.springframework.boot.test.web.client.TestRestTemplateContextCustomizer@3cfd9459, org.springframework.boot.test.autoconfigure.actuate.metrics.MetricsExportContextCustomizerFactory$DisableMetricExportContextCustomizer@442bb11b, org.springframework.boot.test.autoconfigure.properties.PropertyMappingContextCustomizer@0, org.springframework.boot.test.autoconfigure.web.servlet.WebDriverContextCustomizerFactory$Customizer@50dfac19, org.springframework.boot.test.context.SpringBootTestArgs@1, org.springframework.boot.test.context.SpringBootTestWebEnvironment@307cf289], resourceBasePath = 'src/main/webapp', contextLoader = 'org.springframework.boot.test.context.SpringBootContextLoader', parent = [null]], attributes = map['org.springframework.test.context.web.ServletTestExecutionListener.activateListener' -> true, 'org.springframework.test.context.web.ServletTestExecutionListener.populatedRequestContextHolder' -> true, 'org.springframework.test.context.web.ServletTestExecutionListener.resetRequestContextHolder' -> true, 'org.springframework.test.context.event.ApplicationEventsTestExecutionListener.recordApplicationEvents' -> false]]; transaction manager [org.springframework.orm.jpa.JpaTransactionManager@4037059c]; rollback [true]
Hibernate: select tag0_.id as id1_0_, tag0_.created_date as created_2_0_, tag0_.deleted as deleted3_0_, tag0_.enabled as enabled4_0_, tag0_.last_modified_date as last_mod5_0_, tag0_.version as version6_0_, tag0_.description as descript7_0_, tag0_.name as name8_0_ from acicd_tags tag0_ where (  tag0_.deleted = 0 )
Hibernate: select tag0_.id as id1_0_0_, tag0_.created_date as created_2_0_0_, tag0_.deleted as deleted3_0_0_, tag0_.enabled as enabled4_0_0_, tag0_.last_modified_date as last_mod5_0_0_, tag0_.version as version6_0_0_, tag0_.description as descript7_0_0_, tag0_.name as name8_0_0_ from acicd_tags tag0_ where tag0_.id=? and (  tag0_.deleted = 0 ) 
Hibernate: insert into acicd_tags (created_date, deleted, enabled, last_modified_date, version, description, name, id) values (?, ?, ?, ?, ?, ?, ?, ?)
Hibernate: update acicd_tags set deleted=?, enabled=?, last_modified_date=?, version=?, description=?, name=? where id=? and version=?
Hibernate: select tag0_.id as id1_0_, tag0_.created_date as created_2_0_, tag0_.deleted as deleted3_0_, tag0_.enabled as enabled4_0_, tag0_.last_modified_date as last_mod5_0_, tag0_.version as version6_0_, tag0_.description as descript7_0_, tag0_.name as name8_0_ from acicd_tags tag0_ where (  tag0_.deleted = 0 ) and tag0_.name=? and tag0_.id<>?
2023-09-14 03:16:46.691  INFO 2899 --- [           main] o.s.t.c.transaction.TransactionContext   : Rolled back transaction for test: [DefaultTestContext@406fec86 testClass = TagRepositoryTest, testInstance = sn.ept.git.seminaire.cicd.repositories.TagRepositoryTest@dd92153, testMethod = findByNameWithIdNotEqual_withSameId_shouldReturnNoResult@TagRepositoryTest, testException = [null], mergedContextConfiguration = [WebMergedContextConfiguration@ac94285 testClass = TagRepositoryTest, locations = '{}', classes = '{class sn.ept.git.seminaire.cicd.TodoApplication}', contextInitializerClasses = '[]', activeProfiles = '{}', propertySourceLocations = '{}', propertySourceProperties = '{org.springframework.boot.test.context.SpringBootTestContextBootstrapper=true}', contextCustomizers = set[org.springframework.boot.test.context.filter.ExcludeFilterContextCustomizer@4ba62429, org.springframework.boot.test.json.DuplicateJsonObjectContextCustomizerFactory$DuplicateJsonObjectContextCustomizer@56e4f071, org.springframework.boot.test.mock.mockito.MockitoContextCustomizer@0, org.springframework.boot.test.web.client.TestRestTemplateContextCustomizer@3cfd9459, org.springframework.boot.test.autoconfigure.actuate.metrics.MetricsExportContextCustomizerFactory$DisableMetricExportContextCustomizer@442bb11b, org.springframework.boot.test.autoconfigure.properties.PropertyMappingContextCustomizer@0, org.springframework.boot.test.autoconfigure.web.servlet.WebDriverContextCustomizerFactory$Customizer@50dfac19, org.springframework.boot.test.context.SpringBootTestArgs@1, org.springframework.boot.test.context.SpringBootTestWebEnvironment@307cf289], resourceBasePath = 'src/main/webapp', contextLoader = 'org.springframework.boot.test.context.SpringBootContextLoader', parent = [null]], attributes = map['org.springframework.test.context.web.ServletTestExecutionListener.activateListener' -> true, 'org.springframework.test.context.web.ServletTestExecutionListener.populatedRequestContextHolder' -> true, 'org.springframework.test.context.web.ServletTestExecutionListener.resetRequestContextHolder' -> true, 'org.springframework.test.context.event.ApplicationEventsTestExecutionListener.recordApplicationEvents' -> false]]
]]></system-out>
  </testcase>
  <testcase name="findByName_withBadName_shouldReturnNotFound" classname="sn.ept.git.seminaire.cicd.repositories.TagRepositoryTest" time="0.038">
    <system-out><![CDATA[2023-09-14 03:16:46.698  INFO 2899 --- [           main] o.s.t.c.transaction.TransactionContext   : Began transaction (1) for test context [DefaultTestContext@406fec86 testClass = TagRepositoryTest, testInstance = sn.ept.git.seminaire.cicd.repositories.TagRepositoryTest@50e3c719, testMethod = findByName_withBadName_shouldReturnNotFound@TagRepositoryTest, testException = [null], mergedContextConfiguration = [WebMergedContextConfiguration@ac94285 testClass = TagRepositoryTest, locations = '{}', classes = '{class sn.ept.git.seminaire.cicd.TodoApplication}', contextInitializerClasses = '[]', activeProfiles = '{}', propertySourceLocations = '{}', propertySourceProperties = '{org.springframework.boot.test.context.SpringBootTestContextBootstrapper=true}', contextCustomizers = set[org.springframework.boot.test.context.filter.ExcludeFilterContextCustomizer@4ba62429, org.springframework.boot.test.json.DuplicateJsonObjectContextCustomizerFactory$DuplicateJsonObjectContextCustomizer@56e4f071, org.springframework.boot.test.mock.mockito.MockitoContextCustomizer@0, org.springframework.boot.test.web.client.TestRestTemplateContextCustomizer@3cfd9459, org.springframework.boot.test.autoconfigure.actuate.metrics.MetricsExportContextCustomizerFactory$DisableMetricExportContextCustomizer@442bb11b, org.springframework.boot.test.autoconfigure.properties.PropertyMappingContextCustomizer@0, org.springframework.boot.test.autoconfigure.web.servlet.WebDriverContextCustomizerFactory$Customizer@50dfac19, org.springframework.boot.test.context.SpringBootTestArgs@1, org.springframework.boot.test.context.SpringBootTestWebEnvironment@307cf289], resourceBasePath = 'src/main/webapp', contextLoader = 'org.springframework.boot.test.context.SpringBootContextLoader', parent = [null]], attributes = map['org.springframework.test.context.web.ServletTestExecutionListener.activateListener' -> true, 'org.springframework.test.context.web.ServletTestExecutionListener.populatedRequestContextHolder' -> true, 'org.springframework.test.context.web.ServletTestExecutionListener.resetRequestContextHolder' -> true, 'org.springframework.test.context.event.ApplicationEventsTestExecutionListener.recordApplicationEvents' -> false]]; transaction manager [org.springframework.orm.jpa.JpaTransactionManager@4037059c]; rollback [true]
Hibernate: select tag0_.id as id1_0_, tag0_.created_date as created_2_0_, tag0_.deleted as deleted3_0_, tag0_.enabled as enabled4_0_, tag0_.last_modified_date as last_mod5_0_, tag0_.version as version6_0_, tag0_.description as descript7_0_, tag0_.name as name8_0_ from acicd_tags tag0_ where (  tag0_.deleted = 0 )
Hibernate: select tag0_.id as id1_0_0_, tag0_.created_date as created_2_0_0_, tag0_.deleted as deleted3_0_0_, tag0_.enabled as enabled4_0_0_, tag0_.last_modified_date as last_mod5_0_0_, tag0_.version as version6_0_0_, tag0_.description as descript7_0_0_, tag0_.name as name8_0_0_ from acicd_tags tag0_ where tag0_.id=? and (  tag0_.deleted = 0 ) 
Hibernate: insert into acicd_tags (created_date, deleted, enabled, last_modified_date, version, description, name, id) values (?, ?, ?, ?, ?, ?, ?, ?)
Hibernate: update acicd_tags set deleted=?, enabled=?, last_modified_date=?, version=?, description=?, name=? where id=? and version=?
Hibernate: select tag0_.id as id1_0_, tag0_.created_date as created_2_0_, tag0_.deleted as deleted3_0_, tag0_.enabled as enabled4_0_, tag0_.last_modified_date as last_mod5_0_, tag0_.version as version6_0_, tag0_.description as descript7_0_, tag0_.name as name8_0_ from acicd_tags tag0_ where (  tag0_.deleted = 0 ) and tag0_.name=?
2023-09-14 03:16:46.732  INFO 2899 --- [           main] o.s.t.c.transaction.TransactionContext   : Rolled back transaction for test: [DefaultTestContext@406fec86 testClass = TagRepositoryTest, testInstance = sn.ept.git.seminaire.cicd.repositories.TagRepositoryTest@50e3c719, testMethod = findByName_withBadName_shouldReturnNotFound@TagRepositoryTest, testException = [null], mergedContextConfiguration = [WebMergedContextConfiguration@ac94285 testClass = TagRepositoryTest, locations = '{}', classes = '{class sn.ept.git.seminaire.cicd.TodoApplication}', contextInitializerClasses = '[]', activeProfiles = '{}', propertySourceLocations = '{}', propertySourceProperties = '{org.springframework.boot.test.context.SpringBootTestContextBootstrapper=true}', contextCustomizers = set[org.springframework.boot.test.context.filter.ExcludeFilterContextCustomizer@4ba62429, org.springframework.boot.test.json.DuplicateJsonObjectContextCustomizerFactory$DuplicateJsonObjectContextCustomizer@56e4f071, org.springframework.boot.test.mock.mockito.MockitoContextCustomizer@0, org.springframework.boot.test.web.client.TestRestTemplateContextCustomizer@3cfd9459, org.springframework.boot.test.autoconfigure.actuate.metrics.MetricsExportContextCustomizerFactory$DisableMetricExportContextCustomizer@442bb11b, org.springframework.boot.test.autoconfigure.properties.PropertyMappingContextCustomizer@0, org.springframework.boot.test.autoconfigure.web.servlet.WebDriverContextCustomizerFactory$Customizer@50dfac19, org.springframework.boot.test.context.SpringBootTestArgs@1, org.springframework.boot.test.context.SpringBootTestWebEnvironment@307cf289], resourceBasePath = 'src/main/webapp', contextLoader = 'org.springframework.boot.test.context.SpringBootContextLoader', parent = [null]], attributes = map['org.springframework.test.context.web.ServletTestExecutionListener.activateListener' -> true, 'org.springframework.test.context.web.ServletTestExecutionListener.populatedRequestContextHolder' -> true, 'org.springframework.test.context.web.ServletTestExecutionListener.resetRequestContextHolder' -> true, 'org.springframework.test.context.event.ApplicationEventsTestExecutionListener.recordApplicationEvents' -> false]]
]]></system-out>
  </testcase>
  <testcase name="findByName_shouldReturnResult" classname="sn.ept.git.seminaire.cicd.repositories.TagRepositoryTest" time="0.049">
    <system-out><![CDATA[2023-09-14 03:16:46.737  INFO 2899 --- [           main] o.s.t.c.transaction.TransactionContext   : Began transaction (1) for test context [DefaultTestContext@406fec86 testClass = TagRepositoryTest, testInstance = sn.ept.git.seminaire.cicd.repositories.TagRepositoryTest@d3d13ac, testMethod = findByName_shouldReturnResult@TagRepositoryTest, testException = [null], mergedContextConfiguration = [WebMergedContextConfiguration@ac94285 testClass = TagRepositoryTest, locations = '{}', classes = '{class sn.ept.git.seminaire.cicd.TodoApplication}', contextInitializerClasses = '[]', activeProfiles = '{}', propertySourceLocations = '{}', propertySourceProperties = '{org.springframework.boot.test.context.SpringBootTestContextBootstrapper=true}', contextCustomizers = set[org.springframework.boot.test.context.filter.ExcludeFilterContextCustomizer@4ba62429, org.springframework.boot.test.json.DuplicateJsonObjectContextCustomizerFactory$DuplicateJsonObjectContextCustomizer@56e4f071, org.springframework.boot.test.mock.mockito.MockitoContextCustomizer@0, org.springframework.boot.test.web.client.TestRestTemplateContextCustomizer@3cfd9459, org.springframework.boot.test.autoconfigure.actuate.metrics.MetricsExportContextCustomizerFactory$DisableMetricExportContextCustomizer@442bb11b, org.springframework.boot.test.autoconfigure.properties.PropertyMappingContextCustomizer@0, org.springframework.boot.test.autoconfigure.web.servlet.WebDriverContextCustomizerFactory$Customizer@50dfac19, org.springframework.boot.test.context.SpringBootTestArgs@1, org.springframework.boot.test.context.SpringBootTestWebEnvironment@307cf289], resourceBasePath = 'src/main/webapp', contextLoader = 'org.springframework.boot.test.context.SpringBootContextLoader', parent = [null]], attributes = map['org.springframework.test.context.web.ServletTestExecutionListener.activateListener' -> true, 'org.springframework.test.context.web.ServletTestExecutionListener.populatedRequestContextHolder' -> true, 'org.springframework.test.context.web.ServletTestExecutionListener.resetRequestContextHolder' -> true, 'org.springframework.test.context.event.ApplicationEventsTestExecutionListener.recordApplicationEvents' -> false]]; transaction manager [org.springframework.orm.jpa.JpaTransactionManager@4037059c]; rollback [true]
Hibernate: select tag0_.id as id1_0_, tag0_.created_date as created_2_0_, tag0_.deleted as deleted3_0_, tag0_.enabled as enabled4_0_, tag0_.last_modified_date as last_mod5_0_, tag0_.version as version6_0_, tag0_.description as descript7_0_, tag0_.name as name8_0_ from acicd_tags tag0_ where (  tag0_.deleted = 0 )
Hibernate: select tag0_.id as id1_0_0_, tag0_.created_date as created_2_0_0_, tag0_.deleted as deleted3_0_0_, tag0_.enabled as enabled4_0_0_, tag0_.last_modified_date as last_mod5_0_0_, tag0_.version as version6_0_0_, tag0_.description as descript7_0_0_, tag0_.name as name8_0_0_ from acicd_tags tag0_ where tag0_.id=? and (  tag0_.deleted = 0 ) 
Hibernate: insert into acicd_tags (created_date, deleted, enabled, last_modified_date, version, description, name, id) values (?, ?, ?, ?, ?, ?, ?, ?)
Hibernate: update acicd_tags set deleted=?, enabled=?, last_modified_date=?, version=?, description=?, name=? where id=? and version=?
Hibernate: select tag0_.id as id1_0_, tag0_.created_date as created_2_0_, tag0_.deleted as deleted3_0_, tag0_.enabled as enabled4_0_, tag0_.last_modified_date as last_mod5_0_, tag0_.version as version6_0_, tag0_.description as descript7_0_, tag0_.name as name8_0_ from acicd_tags tag0_ where (  tag0_.deleted = 0 ) and tag0_.name=?
2023-09-14 03:16:46.784  INFO 2899 --- [           main] o.s.t.c.transaction.TransactionContext   : Rolled back transaction for test: [DefaultTestContext@406fec86 testClass = TagRepositoryTest, testInstance = sn.ept.git.seminaire.cicd.repositories.TagRepositoryTest@d3d13ac, testMethod = findByName_shouldReturnResult@TagRepositoryTest, testException = [null], mergedContextConfiguration = [WebMergedContextConfiguration@ac94285 testClass = TagRepositoryTest, locations = '{}', classes = '{class sn.ept.git.seminaire.cicd.TodoApplication}', contextInitializerClasses = '[]', activeProfiles = '{}', propertySourceLocations = '{}', propertySourceProperties = '{org.springframework.boot.test.context.SpringBootTestContextBootstrapper=true}', contextCustomizers = set[org.springframework.boot.test.context.filter.ExcludeFilterContextCustomizer@4ba62429, org.springframework.boot.test.json.DuplicateJsonObjectContextCustomizerFactory$DuplicateJsonObjectContextCustomizer@56e4f071, org.springframework.boot.test.mock.mockito.MockitoContextCustomizer@0, org.springframework.boot.test.web.client.TestRestTemplateContextCustomizer@3cfd9459, org.springframework.boot.test.autoconfigure.actuate.metrics.MetricsExportContextCustomizerFactory$DisableMetricExportContextCustomizer@442bb11b, org.springframework.boot.test.autoconfigure.properties.PropertyMappingContextCustomizer@0, org.springframework.boot.test.autoconfigure.web.servlet.WebDriverContextCustomizerFactory$Customizer@50dfac19, org.springframework.boot.test.context.SpringBootTestArgs@1, org.springframework.boot.test.context.SpringBootTestWebEnvironment@307cf289], resourceBasePath = 'src/main/webapp', contextLoader = 'org.springframework.boot.test.context.SpringBootContextLoader', parent = [null]], attributes = map['org.springframework.test.context.web.ServletTestExecutionListener.activateListener' -> true, 'org.springframework.test.context.web.ServletTestExecutionListener.populatedRequestContextHolder' -> true, 'org.springframework.test.context.web.ServletTestExecutionListener.resetRequestContextHolder' -> true, 'org.springframework.test.context.event.ApplicationEventsTestExecutionListener.recordApplicationEvents' -> false]]
]]></system-out>
  </testcase>
  <testcase name="findByName_afterDelete_shouldReturnNotFound" classname="sn.ept.git.seminaire.cicd.repositories.TagRepositoryTest" time="0.03">
    <system-out><![CDATA[2023-09-14 03:16:46.790  INFO 2899 --- [           main] o.s.t.c.transaction.TransactionContext   : Began transaction (1) for test context [DefaultTestContext@406fec86 testClass = TagRepositoryTest, testInstance = sn.ept.git.seminaire.cicd.repositories.TagRepositoryTest@1ad81be6, testMethod = findByName_afterDelete_shouldReturnNotFound@TagRepositoryTest, testException = [null], mergedContextConfiguration = [WebMergedContextConfiguration@ac94285 testClass = TagRepositoryTest, locations = '{}', classes = '{class sn.ept.git.seminaire.cicd.TodoApplication}', contextInitializerClasses = '[]', activeProfiles = '{}', propertySourceLocations = '{}', propertySourceProperties = '{org.springframework.boot.test.context.SpringBootTestContextBootstrapper=true}', contextCustomizers = set[org.springframework.boot.test.context.filter.ExcludeFilterContextCustomizer@4ba62429, org.springframework.boot.test.json.DuplicateJsonObjectContextCustomizerFactory$DuplicateJsonObjectContextCustomizer@56e4f071, org.springframework.boot.test.mock.mockito.MockitoContextCustomizer@0, org.springframework.boot.test.web.client.TestRestTemplateContextCustomizer@3cfd9459, org.springframework.boot.test.autoconfigure.actuate.metrics.MetricsExportContextCustomizerFactory$DisableMetricExportContextCustomizer@442bb11b, org.springframework.boot.test.autoconfigure.properties.PropertyMappingContextCustomizer@0, org.springframework.boot.test.autoconfigure.web.servlet.WebDriverContextCustomizerFactory$Customizer@50dfac19, org.springframework.boot.test.context.SpringBootTestArgs@1, org.springframework.boot.test.context.SpringBootTestWebEnvironment@307cf289], resourceBasePath = 'src/main/webapp', contextLoader = 'org.springframework.boot.test.context.SpringBootContextLoader', parent = [null]], attributes = map['org.springframework.test.context.web.ServletTestExecutionListener.activateListener' -> true, 'org.springframework.test.context.web.ServletTestExecutionListener.populatedRequestContextHolder' -> true, 'org.springframework.test.context.web.ServletTestExecutionListener.resetRequestContextHolder' -> true, 'org.springframework.test.context.event.ApplicationEventsTestExecutionListener.recordApplicationEvents' -> false]]; transaction manager [org.springframework.orm.jpa.JpaTransactionManager@4037059c]; rollback [true]
Hibernate: select tag0_.id as id1_0_, tag0_.created_date as created_2_0_, tag0_.deleted as deleted3_0_, tag0_.enabled as enabled4_0_, tag0_.last_modified_date as last_mod5_0_, tag0_.version as version6_0_, tag0_.description as descript7_0_, tag0_.name as name8_0_ from acicd_tags tag0_ where (  tag0_.deleted = 0 )
Hibernate: select tag0_.id as id1_0_0_, tag0_.created_date as created_2_0_0_, tag0_.deleted as deleted3_0_0_, tag0_.enabled as enabled4_0_0_, tag0_.last_modified_date as last_mod5_0_0_, tag0_.version as version6_0_0_, tag0_.description as descript7_0_0_, tag0_.name as name8_0_0_ from acicd_tags tag0_ where tag0_.id=? and (  tag0_.deleted = 0 ) 
Hibernate: insert into acicd_tags (created_date, deleted, enabled, last_modified_date, version, description, name, id) values (?, ?, ?, ?, ?, ?, ?, ?)
Hibernate: update acicd_tags set deleted=?, enabled=?, last_modified_date=?, version=?, description=?, name=? where id=? and version=?
Hibernate: update acicd_tags set deleted=?, enabled=?, last_modified_date=?, version=?, description=?, name=? where id=? and version=?
Hibernate: select tag0_.id as id1_0_, tag0_.created_date as created_2_0_, tag0_.deleted as deleted3_0_, tag0_.enabled as enabled4_0_, tag0_.last_modified_date as last_mod5_0_, tag0_.version as version6_0_, tag0_.description as descript7_0_, tag0_.name as name8_0_ from acicd_tags tag0_ where (  tag0_.deleted = 0 ) and tag0_.name=?
2023-09-14 03:16:46.817  INFO 2899 --- [           main] o.s.t.c.transaction.TransactionContext   : Rolled back transaction for test: [DefaultTestContext@406fec86 testClass = TagRepositoryTest, testInstance = sn.ept.git.seminaire.cicd.repositories.TagRepositoryTest@1ad81be6, testMethod = findByName_afterDelete_shouldReturnNotFound@TagRepositoryTest, testException = [null], mergedContextConfiguration = [WebMergedContextConfiguration@ac94285 testClass = TagRepositoryTest, locations = '{}', classes = '{class sn.ept.git.seminaire.cicd.TodoApplication}', contextInitializerClasses = '[]', activeProfiles = '{}', propertySourceLocations = '{}', propertySourceProperties = '{org.springframework.boot.test.context.SpringBootTestContextBootstrapper=true}', contextCustomizers = set[org.springframework.boot.test.context.filter.ExcludeFilterContextCustomizer@4ba62429, org.springframework.boot.test.json.DuplicateJsonObjectContextCustomizerFactory$DuplicateJsonObjectContextCustomizer@56e4f071, org.springframework.boot.test.mock.mockito.MockitoContextCustomizer@0, org.springframework.boot.test.web.client.TestRestTemplateContextCustomizer@3cfd9459, org.springframework.boot.test.autoconfigure.actuate.metrics.MetricsExportContextCustomizerFactory$DisableMetricExportContextCustomizer@442bb11b, org.springframework.boot.test.autoconfigure.properties.PropertyMappingContextCustomizer@0, org.springframework.boot.test.autoconfigure.web.servlet.WebDriverContextCustomizerFactory$Customizer@50dfac19, org.springframework.boot.test.context.SpringBootTestArgs@1, org.springframework.boot.test.context.SpringBootTestWebEnvironment@307cf289], resourceBasePath = 'src/main/webapp', contextLoader = 'org.springframework.boot.test.context.SpringBootContextLoader', parent = [null]], attributes = map['org.springframework.test.context.web.ServletTestExecutionListener.activateListener' -> true, 'org.springframework.test.context.web.ServletTestExecutionListener.populatedRequestContextHolder' -> true, 'org.springframework.test.context.web.ServletTestExecutionListener.resetRequestContextHolder' -> true, 'org.springframework.test.context.event.ApplicationEventsTestExecutionListener.recordApplicationEvents' -> false]]
]]></system-out>
  </testcase>
</testsuite>